#
# A fatal error has been detected by the Java Runtime Environment:
#
#  SIGSEGV (0xb) at pc=0x000000011993d79b, pid=666, tid=1811
#
# JRE version: Java(TM) SE Runtime Environment (8.0_25-b17) (build 1.8.0_25-b17)
# Java VM: Java HotSpot(TM) 64-Bit Server VM (25.25-b02 mixed mode bsd-amd64 compressed oops)
# Problematic frame:
# C  [libglass.dylib+0x579b]  -[GlassApplication applicationWillHide:]+0x7b
#
# Failed to write core dump. Core dumps have been disabled. To enable core dumping, try "ulimit -c unlimited" before starting Java again
#
# If you would like to submit a bug report, please visit:
#   http://bugreport.sun.com/bugreport/crash.jsp
#

---------------  T H R E A D  ---------------

Current thread is native thread

siginfo: si_signo: 11 (SIGSEGV), si_code: 1 (SEGV_MAPERR), si_addr: 0x0000000000000000

Registers:
RAX=0x00007fa4b5908fe0, RBX=0x0000000000000000, RCX=0x0000000000000008, RDX=0x00007fff73ad9b88
RSP=0x00007fff5f1c85a0, RBP=0x00007fff5f1c85c0, RSI=0x00007fff90f5b08a, RDI=0x00007fa4b5000070
R8 =0x00007fff5f1c8440, R9 =0x00007fff75c22300, R10=0x00007fa4b5a0fe60, R11=0x00007fff73acd090
R12=0x00007fa4b361b530, R13=0x00000000000f4263, R14=0x00007fa4b5830540, R15=0x00007fa4b5908fe0
RIP=0x000000011993d79b, EFLAGS=0x0000000000010206, ERR=0x0000000000000004
  TRAPNO=0x000000000000000e

Top of Stack: (sp=0x00007fff5f1c85a0)
0x00007fff5f1c85a0:   00007fff5f1c8790 00007fa4b361b530
0x00007fff5f1c85b0:   00007fa4b3448b40 00007fff5f1c8700
0x00007fff5f1c85c0:   00007fff5f1c85d0 00007fff9075ccbc
0x00007fff5f1c85d0:   00007fff5f1c8930 00007fff9064e1b4
0x00007fff5f1c85e0:   00007fa4b58002b0 00007fff906f2d04
0x00007fff5f1c85f0:   00007fff754198c8 0000000000000003
0x00007fff5f1c8600:   00007fff756c89c0 0000000000000900
0x00007fff5f1c8610:   00007fff5f1c8c60 00007fa4b3448b40
0x00007fff5f1c8620:   0000000000000000 00007fff5f1c8700
0x00007fff5f1c8630:   0000000000000000 00007fa4b3448ac0
0x00007fff5f1c8640:   00007fff5f1c8780 0000000000000060
0x00007fff5f1c8650:   00000000000f4304 00007fa4b5850200
0x00007fff5f1c8660:   00007fa4b36370e0 00007fa4b361b530
0x00007fff5f1c8670:   0000000000000001 00000000000f4263
0x00007fff5f1c8680:   00007fa4b361b520 21eb0d26c23ae422
0x00007fff5f1c8690:   ffffffffffffffff 00007fff5f1c87b8
0x00007fff5f1c86a0:   0000000000001006 00007fa4b5800270
0x00007fff5f1c86b0:   0000000000000017 0000000000000018
0x00007fff5f1c86c0:   000000011e43c670 0000000100a4e000
0x00007fff5f1c86d0:   0000000100a51a00 0000000000000007
0x00007fff5f1c86e0:   00060003739514e0 00007fa4b361b554
0x00007fff5f1c86f0:   0000000000000000 0000000000000000
0x00007fff5f1c8700:   00007fa4b3448b40 0000000000000001
0x00007fff5f1c8710:   0000000100a4e000 0000000000000001
0x00007fff5f1c8720:   00007fff5f1c8750 00007fff884dcacb
0x00007fff5f1c8730:   0000000100a51a00 0000000000000001
0x00007fff5f1c8740:   0000000100a4e000 00007fa4b58e4101
0x00007fff5f1c8750:   0000000000000003 0000000100a55600
0x00007fff5f1c8760:   00007fff5f1c8850 00007fff884db2a2
0x00007fff5f1c8770:   00007fff5f1c8790 00007fff8f812719
0x00007fff5f1c8780:   0000000000000014 0000000000000000
0x00007fff5f1c8790:   00000000000f4263 00007fff90643c8f 

Instructions: (pc=0x000000011993d79b)
0x000000011993d77b:   8d 35 3f f9 03 00 ff 15 39 f9 03 00 48 8b 35 82
0x000000011993d78b:   e8 03 00 48 89 c7 30 c0 e8 b0 49 02 00 49 89 c7
0x000000011993d79b:   48 8b 03 4c 8b a0 e8 01 00 00 48 8b 35 54 ea 03
0x000000011993d7ab:   00 48 8b 3d 75 fa 03 00 30 c0 e8 8e 49 02 00 48 

Register to memory mapping:

RAX=0x00007fa4b5908fe0 is an unknown value
RBX=0x0000000000000000 is an unknown value
RCX=0x0000000000000008 is an unknown value
RDX=0x00007fff73ad9b88: _NSAPCache+0x18 in /System/Library/Frameworks/Foundation.framework/Versions/C/Foundation at 0x00007fff8445b000
RSP=0x00007fff5f1c85a0 is an unknown value
RBP=0x00007fff5f1c85c0 is an unknown value
RSI=0x00007fff90f5b08a is an unknown value
RDI=0x00007fa4b5000070 is an unknown value
R8 =0x00007fff5f1c8440 is an unknown value
R9 =0x00007fff75c22300: _thread+0 in /usr/lib/system/libsystem_pthread.dylib at 0x00007fff92a22000
R10=0x00007fa4b5a0fe60 is an unknown value
R11=0x00007fff73acd090: OBJC_CLASS_$_NSAutoreleasePool+0 in /System/Library/Frameworks/Foundation.framework/Versions/C/Foundation at 0x00007fff8445b000
R12=0x00007fa4b361b530 is an unknown value
R13=0x00000000000f4263 is an unknown value
R14=0x00007fa4b5830540 is an unknown value
R15=0x00007fa4b5908fe0 is an unknown value


Stack: [0x00007fff5e9cc000,0x00007fff5f1cc000],  sp=0x00007fff5f1c85a0,  free space=8177k
Native frames: (J=compiled Java code, j=interpreted, Vv=VM code, C=native code)
C  [libglass.dylib+0x579b]  -[GlassApplication applicationWillHide:]+0x7b
C  [CoreFoundation+0x11ecbc]  __CFNOTIFICATIONCENTER_IS_CALLING_OUT_TO_AN_OBSERVER__+0xc
C  [CoreFoundation+0x101b4]  _CFXNotificationPost+0xc44
C  [Foundation+0x2ea1]  -[NSNotificationCenter postNotificationName:object:userInfo:]+0x42
C  [AppKit+0x360c54]  -[NSApplication _doHideMaybeFakingIt:]+0x186
C  [AppKit+0x18f5dd]  _hideShowHandler+0xac
C  [HIToolbox+0x832c]  DispatchEventToHandlers(EventTargetRec*, OpaqueEventRef*, HandlerCallRec*)+0x4ec
C  [HIToolbox+0x776e]  SendEventToEventTargetInternal(OpaqueEventRef*, OpaqueEventTargetRef*, HandlerCallRec*)+0x182
C  [HIToolbox+0x1c286]  SendEventToEventTarget+0x28
C  [AppKit+0x24904]  _DPSNextEvent+0x5f7
C  [AppKit+0x23e80]  -[NSApplication nextEventMatchingMask:untilDate:inMode:dequeue:]+0xc2
C  [AppKit+0x17e23]  -[NSApplication run]+0x252
C  [libosxapp.dylib+0x223e]  +[NSApplicationAWT runAWTLoopWithApp:]+0x9c
C  [libawt_lwawt.dylib+0x4494f]  -[AWTStarter starter:]+0x389
C  [Foundation+0x65f4c]  __NSThreadPerformPerform+0x125
C  [CoreFoundation+0x80661]  __CFRUNLOOP_IS_CALLING_OUT_TO_A_SOURCE0_PERFORM_FUNCTION__+0x11
C  [CoreFoundation+0x727ed]  __CFRunLoopDoSources0+0x10d
C  [CoreFoundation+0x71e1f]  __CFRunLoopRun+0x39f
C  [CoreFoundation+0x71838]  CFRunLoopRunSpecific+0x128
C  [java+0x56cc]  CreateExecutionEnvironment+0x367
C  [java+0x165c]  JLI_Launch+0x7a0
C  [java+0x768a]  main+0x65
C  [java+0xeb4]  start+0x34


---------------  P R O C E S S  ---------------

VM state:not at safepoint (normal execution)

VM Mutex/Monitor currently owned by a thread: None

Heap:
 PSYoungGen      total 18944K, used 7628K [0x00000007aab00000, 0x00000007ac000000, 0x00000007c0000000)
  eden space 16384K, 31% used [0x00000007aab00000,0x00000007aaff6fd8,0x00000007abb00000)
  from space 2560K, 99% used [0x00000007abd80000,0x00000007abffc030,0x00000007ac000000)
  to   space 2560K, 0% used [0x00000007abb00000,0x00000007abb00000,0x00000007abd80000)
 ParOldGen       total 44032K, used 2323K [0x0000000780000000, 0x0000000782b00000, 0x00000007aab00000)
  object space 44032K, 5% used [0x0000000780000000,0x0000000780244de0,0x0000000782b00000)
 Metaspace       used 15556K, capacity 16082K, committed 16128K, reserved 1062912K
  class space    used 2180K, capacity 2298K, committed 2304K, reserved 1048576K

Card table byte_map: [0x0000000111fdf000,0x00000001121e0000] byte_map_base: 0x000000010e3df000

Marking Bits: (ParMarkBitMap*) 0x000000010249d390
 Begin Bits: [0x0000000112b4e000, 0x0000000113b4e000)
 End Bits:   [0x0000000113b4e000, 0x0000000114b4e000)

Polling page: 0x0000000100b8b000

CodeCache: size=245760Kb used=5958Kb max_used=5965Kb free=239801Kb
 bounds [0x0000000102c1f000, 0x00000001031ff000, 0x0000000111c1f000]
 total_blobs=2529 nmethods=1936 adapters=508
 compilation: enabled

Compilation events (10 events):
Event: 12.459 Thread 0x00007fa4b6028800 1933       3       java.util.concurrent.atomic.AtomicInteger::incrementAndGet (14 bytes)
Event: 12.459 Thread 0x00007fa4b6028800 nmethod 1933 0x00000001031ef590 code [0x00000001031ef6e0, 0x00000001031ef830]
Event: 12.461 Thread 0x00007fa4b6028800 1934       3       java.util.Arrays::asList (9 bytes)
Event: 12.462 Thread 0x00007fa4b6028800 nmethod 1934 0x00000001031eed50 code [0x00000001031eeee0, 0x00000001031ef348]
Event: 12.462 Thread 0x00007fa4b6028800 1935       3       java.util.Arrays$ArrayList::<init> (16 bytes)
Event: 12.462 Thread 0x00007fa4b6028800 nmethod 1935 0x00000001031ee650 code [0x00000001031ee7e0, 0x00000001031eeba8]
Event: 12.462 Thread 0x00007fa4b4826000 1936       4       java.lang.StringBuilder::toString (17 bytes)
Event: 12.465 Thread 0x00007fa4b4826000 nmethod 1936 0x00000001031f4090 code [0x00000001031f4200, 0x00000001031f44f8]
Event: 12.513 Thread 0x00007fa4b6028800 1937  s    3       java.util.Vector::elementAt (48 bytes)
Event: 12.514 Thread 0x00007fa4b6028800 nmethod 1937 0x00000001031f2d90 code [0x00000001031f2fa0, 0x00000001031f3b28]

GC Heap History (4 events):
Event: 0.661 GC heap before
{Heap before GC invocations=1 (full 0):
 PSYoungGen      total 18944K, used 16384K [0x00000007aab00000, 0x00000007ac000000, 0x00000007c0000000)
  eden space 16384K, 100% used [0x00000007aab00000,0x00000007abb00000,0x00000007abb00000)
  from space 2560K, 0% used [0x00000007abd80000,0x00000007abd80000,0x00000007ac000000)
  to   space 2560K, 0% used [0x00000007abb00000,0x00000007abb00000,0x00000007abd80000)
 ParOldGen       total 44032K, used 0K [0x0000000780000000, 0x0000000782b00000, 0x00000007aab00000)
  object space 44032K, 0% used [0x0000000780000000,0x0000000780000000,0x0000000782b00000)
 Metaspace       used 9406K, capacity 9700K, committed 9984K, reserved 1058816K
  class space    used 1176K, capacity 1238K, committed 1280K, reserved 1048576K
Event: 0.666 GC heap after
Heap after GC invocations=1 (full 0):
 PSYoungGen      total 18944K, used 2528K [0x00000007aab00000, 0x00000007ac000000, 0x00000007c0000000)
  eden space 16384K, 0% used [0x00000007aab00000,0x00000007aab00000,0x00000007abb00000)
  from space 2560K, 98% used [0x00000007abb00000,0x00000007abd78020,0x00000007abd80000)
  to   space 2560K, 0% used [0x00000007abd80000,0x00000007abd80000,0x00000007ac000000)
 ParOldGen       total 44032K, used 400K [0x0000000780000000, 0x0000000782b00000, 0x00000007aab00000)
  object space 44032K, 0% used [0x0000000780000000,0x0000000780064010,0x0000000782b00000)
 Metaspace       used 9406K, capacity 9700K, committed 9984K, reserved 1058816K
  class space    used 1176K, capacity 1238K, committed 1280K, reserved 1048576K
}
Event: 1.442 GC heap before
{Heap before GC invocations=2 (full 0):
 PSYoungGen      total 18944K, used 17082K [0x00000007aab00000, 0x00000007ac000000, 0x00000007c0000000)
  eden space 16384K, 88% used [0x00000007aab00000,0x00000007ab9368e0,0x00000007abb00000)
  from space 2560K, 98% used [0x00000007abb00000,0x00000007abd78020,0x00000007abd80000)
  to   space 2560K, 0% used [0x00000007abd80000,0x00000007abd80000,0x00000007ac000000)
 ParOldGen       total 44032K, used 400K [0x0000000780000000, 0x0000000782b00000, 0x00000007aab00000)
  object space 44032K, 0% used [0x0000000780000000,0x0000000780064010,0x0000000782b00000)
 Metaspace       used 14592K, capacity 15134K, committed 15360K, reserved 1062912K
  class space    used 2135K, capacity 2288K, committed 2304K, reserved 1048576K
Event: 1.448 GC heap after
Heap after GC invocations=2 (full 0):
 PSYoungGen      total 18944K, used 2544K [0x00000007aab00000, 0x00000007ac000000, 0x00000007c0000000)
  eden space 16384K, 0% used [0x00000007aab00000,0x00000007aab00000,0x00000007abb00000)
  from space 2560K, 99% used [0x00000007abd80000,0x00000007abffc030,0x00000007ac000000)
  to   space 2560K, 0% used [0x00000007abb00000,0x00000007abb00000,0x00000007abd80000)
 ParOldGen       total 44032K, used 2323K [0x0000000780000000, 0x0000000782b00000, 0x00000007aab00000)
  object space 44032K, 5% used [0x0000000780000000,0x0000000780244de0,0x0000000782b00000)
 Metaspace       used 14592K, capacity 15134K, committed 15360K, reserved 1062912K
  class space    used 2135K, capacity 2288K, committed 2304K, reserved 1048576K
}

Deoptimization events (10 events):
Event: 0.729 Thread 0x00007fa4b6164800 Uncommon trap: reason=unreached action=reinterpret pc=0x0000000102e9557c method=java.util.HashMap.hash(Ljava/lang/Object;)I @ 1
Event: 0.883 Thread 0x00007fa4b6164800 Uncommon trap: reason=class_check action=maybe_recompile pc=0x0000000102e84e50 method=java.io.DataInputStream.readShort()S @ 4
Event: 0.883 Thread 0x00007fa4b6164800 Uncommon trap: reason=class_check action=maybe_recompile pc=0x0000000102e84e50 method=java.io.DataInputStream.readShort()S @ 4
Event: 0.883 Thread 0x00007fa4b6164800 Uncommon trap: reason=class_check action=maybe_recompile pc=0x0000000102e84e50 method=java.io.DataInputStream.readShort()S @ 4
Event: 0.883 Thread 0x00007fa4b6164800 Uncommon trap: reason=class_check action=maybe_recompile pc=0x0000000102e84e50 method=java.io.DataInputStream.readShort()S @ 4
Event: 0.889 Thread 0x00007fa4b6164800 Uncommon trap: reason=class_check action=maybe_recompile pc=0x0000000102d45b9c method=java.lang.String.equals(Ljava/lang/Object;)Z @ 8
Event: 0.889 Thread 0x00007fa4b6164800 Uncommon trap: reason=class_check action=maybe_recompile pc=0x0000000102d45b9c method=java.lang.String.equals(Ljava/lang/Object;)Z @ 8
Event: 0.889 Thread 0x00007fa4b6164800 Uncommon trap: reason=class_check action=maybe_recompile pc=0x0000000102d45b9c method=java.lang.String.equals(Ljava/lang/Object;)Z @ 8
Event: 1.154 Thread 0x00007fa4b6164800 Uncommon trap: reason=unloaded action=reinterpret pc=0x0000000102e5afd8 method=java.lang.CharacterData.of(I)Ljava/lang/CharacterData; @ 96
Event: 1.195 Thread 0x00007fa4b6164800 Uncommon trap: reason=class_check action=maybe_recompile pc=0x0000000102d45b9c method=java.lang.String.equals(Ljava/lang/Object;)Z @ 8

Internal exceptions (10 events):
Event: 0.656 Thread 0x00007fa4b6164800 Exception <a 'java/lang/ArrayIndexOutOfBoundsException': 86> (0x00000007abae6878) thrown at [/HUDSON3/workspace/8-2-build-macosx-x86_64/jdk8u25/1514/hotspot/src/share/vm/interpreter/interpreterRuntime.cpp, line 366]
Event: 0.729 Thread 0x00007fa4b6164800 Implicit null exception at 0x0000000102e95275 to 0x0000000102e9556d
Event: 0.756 Thread 0x00007fa4b6164800 Exception <a 'java/security/PrivilegedActionException'> (0x00000007aae543a0) thrown at [/HUDSON3/workspace/8-2-build-macosx-x86_64/jdk8u25/1514/hotspot/src/share/vm/prims/jvm.cpp, line 1312]
Event: 0.763 Thread 0x00007fa4b6164800 Exception <a 'java/security/PrivilegedActionException'> (0x00000007aae91750) thrown at [/HUDSON3/workspace/8-2-build-macosx-x86_64/jdk8u25/1514/hotspot/src/share/vm/prims/jvm.cpp, line 1312]
Event: 0.765 Thread 0x00007fa4b6164800 Exception <a 'java/security/PrivilegedActionException'> (0x00000007aaea7d88) thrown at [/HUDSON3/workspace/8-2-build-macosx-x86_64/jdk8u25/1514/hotspot/src/share/vm/prims/jvm.cpp, line 1312]
Event: 0.765 Thread 0x00007fa4b6164800 Exception <a 'java/security/PrivilegedActionException'> (0x00000007aaebe470) thrown at [/HUDSON3/workspace/8-2-build-macosx-x86_64/jdk8u25/1514/hotspot/src/share/vm/prims/jvm.cpp, line 1312]
Event: 0.842 Thread 0x00007fa4b6164800 Exception <a 'java/io/FileNotFoundException'> (0x00000007aafd6938) thrown at [/HUDSON3/workspace/8-2-build-macosx-x86_64/jdk8u25/1514/hotspot/src/share/vm/prims/jni.cpp, line 716]
Event: 1.229 Thread 0x00007fa4b6164800 Exception <a 'java/security/PrivilegedActionException'> (0x00000007ab4beed8) thrown at [/HUDSON3/workspace/8-2-build-macosx-x86_64/jdk8u25/1514/hotspot/src/share/vm/prims/jvm.cpp, line 1312]
Event: 1.230 Thread 0x00007fa4b6164800 Exception <a 'java/security/PrivilegedActionException'> (0x00000007ab4d65d8) thrown at [/HUDSON3/workspace/8-2-build-macosx-x86_64/jdk8u25/1514/hotspot/src/share/vm/prims/jvm.cpp, line 1312]
Event: 1.232 Thread 0x00007fa4b6164800 Exception <a 'java/security/PrivilegedActionException'> (0x00000007ab4edfa8) thrown at [/HUDSON3/workspace/8-2-build-macosx-x86_64/jdk8u25/1514/hotspot/src/share/vm/prims/jvm.cpp, line 1312]

Events (10 events):
Event: 12.461 loading class sun/awt/resources/awt
Event: 12.462 loading class java/util/ListResourceBundle
Event: 12.462 loading class java/util/ListResourceBundle done
Event: 12.462 loading class sun/awt/resources/awt done
Event: 12.462 loading class sun/awt/resources/awt_de
Event: 12.462 loading class sun/awt/resources/awt_de done
Event: 12.462 loading class java/awt/Toolkit$3
Event: 12.462 loading class java/awt/Toolkit$3 done
Event: 12.553 loading class sun/misc/ThreadGroupUtils
Event: 12.553 loading class sun/misc/ThreadGroupUtils done


Dynamic libraries:
0x00000000038cf000 	/System/Library/Frameworks/Cocoa.framework/Versions/A/Cocoa
0x00000000038cf000 	/System/Library/Frameworks/Security.framework/Versions/A/Security
0x00000000038cf000 	/System/Library/Frameworks/ApplicationServices.framework/Versions/A/ApplicationServices
0x00000000038cf000 	/usr/lib/libz.1.dylib
0x00000000038cf000 	/usr/lib/libSystem.B.dylib
0x00000000038cf000 	/usr/lib/libobjc.A.dylib
0x00000000038cf000 	/System/Library/Frameworks/CoreFoundation.framework/Versions/A/CoreFoundation
0x00000000038cf000 	/System/Library/Frameworks/Foundation.framework/Versions/C/Foundation
0x00000000038cf000 	/System/Library/Frameworks/AppKit.framework/Versions/C/AppKit
0x00000000038cf000 	/System/Library/Frameworks/CoreData.framework/Versions/A/CoreData
0x00000000038cf000 	/System/Library/PrivateFrameworks/RemoteViewServices.framework/Versions/A/RemoteViewServices
0x00000000038cf000 	/System/Library/PrivateFrameworks/UIFoundation.framework/Versions/A/UIFoundation
0x00000000038cf000 	/System/Library/Frameworks/IOSurface.framework/Versions/A/IOSurface
0x00000000038cf000 	/System/Library/Frameworks/AudioToolbox.framework/Versions/A/AudioToolbox
0x00000000038cf000 	/System/Library/Frameworks/AudioUnit.framework/Versions/A/AudioUnit
0x00000000038cf000 	/System/Library/PrivateFrameworks/DataDetectorsCore.framework/Versions/A/DataDetectorsCore
0x00000000038cf000 	/System/Library/PrivateFrameworks/DesktopServicesPriv.framework/Versions/A/DesktopServicesPriv
0x00000000038cf000 	/System/Library/Frameworks/Carbon.framework/Versions/A/Frameworks/HIToolbox.framework/Versions/A/HIToolbox
0x00000000038cf000 	/System/Library/Frameworks/QuartzCore.framework/Versions/A/QuartzCore
0x00000000038cf000 	/System/Library/Frameworks/Carbon.framework/Versions/A/Frameworks/SpeechRecognition.framework/Versions/A/SpeechRecognition
0x00000000038cf000 	/usr/lib/libauto.dylib
0x00000000038cf000 	/usr/lib/libicucore.A.dylib
0x00000000038cf000 	/usr/lib/libxml2.2.dylib
0x00000000038cf000 	/System/Library/PrivateFrameworks/CoreUI.framework/Versions/A/CoreUI
0x00000000038cf000 	/System/Library/Frameworks/CoreAudio.framework/Versions/A/CoreAudio
0x00000000038cf000 	/System/Library/Frameworks/DiskArbitration.framework/Versions/A/DiskArbitration
0x00000000038cf000 	/usr/lib/liblangid.dylib
0x00000000038cf000 	/System/Library/PrivateFrameworks/MultitouchSupport.framework/Versions/A/MultitouchSupport
0x00000000038cf000 	/System/Library/Frameworks/IOKit.framework/Versions/A/IOKit
0x00000000038cf000 	/usr/lib/libDiagnosticMessagesClient.dylib
0x00000000038cf000 	/System/Library/Frameworks/CoreServices.framework/Versions/A/CoreServices
0x00000000038cf000 	/System/Library/PrivateFrameworks/PerformanceAnalysis.framework/Versions/A/PerformanceAnalysis
0x00000000038cf000 	/System/Library/PrivateFrameworks/GenerationalStorage.framework/Versions/A/GenerationalStorage
0x00000000038cf000 	/System/Library/Frameworks/OpenGL.framework/Versions/A/OpenGL
0x00000000038cf000 	/System/Library/PrivateFrameworks/Sharing.framework/Versions/A/Sharing
0x00000000038cf000 	/System/Library/Frameworks/CoreGraphics.framework/Versions/A/CoreGraphics
0x00000000038cf000 	/System/Library/Frameworks/CoreText.framework/Versions/A/CoreText
0x00000000038cf000 	/System/Library/Frameworks/ImageIO.framework/Versions/A/ImageIO
0x00000000038cf000 	/usr/lib/libextension.dylib
0x00000000038cf000 	/System/Library/PrivateFrameworks/Backup.framework/Versions/A/Backup
0x00000000038cf000 	/usr/lib/libarchive.2.dylib
0x00000000038cf000 	/System/Library/Frameworks/CFNetwork.framework/Versions/A/CFNetwork
0x00000000038cf000 	/System/Library/Frameworks/SystemConfiguration.framework/Versions/A/SystemConfiguration
0x00000000038cf000 	/usr/lib/libCRFSuite.dylib
0x00000000038cf000 	/usr/lib/libc++.1.dylib
0x00000000038cf000 	/usr/lib/libc++abi.dylib
0x00000000038cf000 	/usr/lib/system/libcache.dylib
0x00000000038cf000 	/usr/lib/system/libcommonCrypto.dylib
0x00000000038cf000 	/usr/lib/system/libcompiler_rt.dylib
0x00000000038cf000 	/usr/lib/system/libcopyfile.dylib
0x00000000038cf000 	/usr/lib/system/libcorecrypto.dylib
0x00000000038cf000 	/usr/lib/system/libdispatch.dylib
0x00000000038cf000 	/usr/lib/system/libdyld.dylib
0x00000000038cf000 	/usr/lib/system/libkeymgr.dylib
0x00000000038cf000 	/usr/lib/system/liblaunch.dylib
0x00000000038cf000 	/usr/lib/system/libmacho.dylib
0x00000000038cf000 	/usr/lib/system/libquarantine.dylib
0x00000000038cf000 	/usr/lib/system/libremovefile.dylib
0x00000000038cf000 	/usr/lib/system/libsystem_asl.dylib
0x00000000038cf000 	/usr/lib/system/libsystem_blocks.dylib
0x00000000038cf000 	/usr/lib/system/libsystem_c.dylib
0x00000000038cf000 	/usr/lib/system/libsystem_configuration.dylib
0x00000000038cf000 	/usr/lib/system/libsystem_coreservices.dylib
0x00000000038cf000 	/usr/lib/system/libsystem_coretls.dylib
0x00000000038cf000 	/usr/lib/system/libsystem_dnssd.dylib
0x00000000038cf000 	/usr/lib/system/libsystem_info.dylib
0x00000000038cf000 	/usr/lib/system/libsystem_kernel.dylib
0x00000000038cf000 	/usr/lib/system/libsystem_m.dylib
0x00000000038cf000 	/usr/lib/system/libsystem_malloc.dylib
0x00000000038cf000 	/usr/lib/system/libsystem_network.dylib
0x00000000038cf000 	/usr/lib/system/libsystem_networkextension.dylib
0x00000000038cf000 	/usr/lib/system/libsystem_notify.dylib
0x00000000038cf000 	/usr/lib/system/libsystem_platform.dylib
0x00000000038cf000 	/usr/lib/system/libsystem_pthread.dylib
0x00000000038cf000 	/usr/lib/system/libsystem_sandbox.dylib
0x00000000038cf000 	/usr/lib/system/libsystem_secinit.dylib
0x00000000038cf000 	/usr/lib/system/libsystem_stats.dylib
0x00000000038cf000 	/usr/lib/system/libsystem_trace.dylib
0x00000000038cf000 	/usr/lib/system/libunc.dylib
0x00000000038cf000 	/usr/lib/system/libunwind.dylib
0x00000000038cf000 	/usr/lib/system/libxpc.dylib
0x00000000038cf000 	/usr/lib/libbz2.1.0.dylib
0x00000000038cf000 	/usr/lib/liblzma.5.dylib
0x00000000038cf000 	/usr/lib/libbsm.0.dylib
0x00000000038cf000 	/usr/lib/libsqlite3.dylib
0x00000000038cf000 	/usr/lib/system/libkxld.dylib
0x00000000038cf000 	/usr/lib/libxar.1.dylib
0x00000000038cf000 	/usr/lib/libpam.2.dylib
0x00000000038cf000 	/usr/lib/libOpenScriptingUtil.dylib
0x00000000038cf000 	/System/Library/Frameworks/CoreServices.framework/Versions/A/Frameworks/FSEvents.framework/Versions/A/FSEvents
0x00000000038cf000 	/System/Library/Frameworks/CoreServices.framework/Versions/A/Frameworks/CarbonCore.framework/Versions/A/CarbonCore
0x00000000038cf000 	/System/Library/Frameworks/CoreServices.framework/Versions/A/Frameworks/Metadata.framework/Versions/A/Metadata
0x00000000038cf000 	/System/Library/Frameworks/CoreServices.framework/Versions/A/Frameworks/OSServices.framework/Versions/A/OSServices
0x00000000038cf000 	/System/Library/Frameworks/CoreServices.framework/Versions/A/Frameworks/SearchKit.framework/Versions/A/SearchKit
0x00000000038cf000 	/System/Library/Frameworks/CoreServices.framework/Versions/A/Frameworks/AE.framework/Versions/A/AE
0x00000000038cf000 	/System/Library/Frameworks/CoreServices.framework/Versions/A/Frameworks/LaunchServices.framework/Versions/A/LaunchServices
0x00000000038cf000 	/System/Library/Frameworks/CoreServices.framework/Versions/A/Frameworks/DictionaryServices.framework/Versions/A/DictionaryServices
0x00000000038cf000 	/System/Library/Frameworks/NetFS.framework/Versions/A/NetFS
0x00000000038cf000 	/System/Library/PrivateFrameworks/NetAuth.framework/Versions/A/NetAuth
0x00000000038cf000 	/System/Library/PrivateFrameworks/login.framework/Versions/A/Frameworks/loginsupport.framework/Versions/A/loginsupport
0x00000000038cf000 	/System/Library/PrivateFrameworks/TCC.framework/Versions/A/TCC
0x00000000038cf000 	/usr/lib/libmecabra.dylib
0x00000000038cf000 	/System/Library/PrivateFrameworks/LanguageModeling.framework/Versions/A/LanguageModeling
0x00000000038cf000 	/usr/lib/libcmph.dylib
0x00000000038cf000 	/usr/lib/libiconv.2.dylib
0x00000000038cf000 	/System/Library/Frameworks/OpenDirectory.framework/Versions/A/Frameworks/CFOpenDirectory.framework/Versions/A/CFOpenDirectory
0x00000000038cf000 	/System/Library/Frameworks/ServiceManagement.framework/Versions/A/ServiceManagement
0x00000000038cf000 	/usr/lib/libxslt.1.dylib
0x00000000038cf000 	/System/Library/Frameworks/Carbon.framework/Versions/A/Frameworks/Ink.framework/Versions/A/Ink
0x00000000038cf000 	/System/Library/Frameworks/ApplicationServices.framework/Versions/A/Frameworks/ATS.framework/Versions/A/ATS
0x00000000038cf000 	/System/Library/Frameworks/ApplicationServices.framework/Versions/A/Frameworks/ColorSync.framework/Versions/A/ColorSync
0x00000000038cf000 	/System/Library/Frameworks/ApplicationServices.framework/Versions/A/Frameworks/HIServices.framework/Versions/A/HIServices
0x00000000038cf000 	/System/Library/Frameworks/ApplicationServices.framework/Versions/A/Frameworks/LangAnalysis.framework/Versions/A/LangAnalysis
0x00000000038cf000 	/System/Library/Frameworks/ApplicationServices.framework/Versions/A/Frameworks/PrintCore.framework/Versions/A/PrintCore
0x00000000038cf000 	/System/Library/Frameworks/ApplicationServices.framework/Versions/A/Frameworks/QD.framework/Versions/A/QD
0x00000000038cf000 	/System/Library/Frameworks/ApplicationServices.framework/Versions/A/Frameworks/SpeechSynthesis.framework/Versions/A/SpeechSynthesis
0x00000000038cf000 	/System/Library/Frameworks/Accelerate.framework/Versions/A/Accelerate
0x00000000038cf000 	/System/Library/Frameworks/Accelerate.framework/Versions/A/Frameworks/vImage.framework/Versions/A/vImage
0x00000000038cf000 	/System/Library/Frameworks/Accelerate.framework/Versions/A/Frameworks/vecLib.framework/Versions/A/vecLib
0x00000000038cf000 	/System/Library/Frameworks/Accelerate.framework/Versions/A/Frameworks/vecLib.framework/Versions/A/libvDSP.dylib
0x00000000038cf000 	/System/Library/Frameworks/Accelerate.framework/Versions/A/Frameworks/vecLib.framework/Versions/A/libvMisc.dylib
0x00000000038cf000 	/System/Library/Frameworks/Accelerate.framework/Versions/A/Frameworks/vecLib.framework/Versions/A/libLAPACK.dylib
0x00000000038cf000 	/System/Library/Frameworks/Accelerate.framework/Versions/A/Frameworks/vecLib.framework/Versions/A/libBLAS.dylib
0x00000000038cf000 	/System/Library/Frameworks/Accelerate.framework/Versions/A/Frameworks/vecLib.framework/Versions/A/libLinearAlgebra.dylib
0x00000000038cf000 	/System/Library/Frameworks/ApplicationServices.framework/Versions/A/Frameworks/ATS.framework/Versions/A/Resources/libFontParser.dylib
0x00000000038cf000 	/System/Library/Frameworks/ApplicationServices.framework/Versions/A/Frameworks/ATS.framework/Versions/A/Resources/libFontRegistry.dylib
0x00000000038cf000 	/System/Library/PrivateFrameworks/AppleVPA.framework/Versions/A/AppleVPA
0x00000000038cf000 	/System/Library/PrivateFrameworks/AppleJPEG.framework/Versions/A/AppleJPEG
0x00000000038cf000 	/System/Library/Frameworks/ImageIO.framework/Versions/A/Resources/libJPEG.dylib
0x00000000038cf000 	/System/Library/Frameworks/ImageIO.framework/Versions/A/Resources/libTIFF.dylib
0x00000000038cf000 	/System/Library/Frameworks/ImageIO.framework/Versions/A/Resources/libPng.dylib
0x00000000038cf000 	/System/Library/Frameworks/ImageIO.framework/Versions/A/Resources/libGIF.dylib
0x00000000038cf000 	/System/Library/Frameworks/ImageIO.framework/Versions/A/Resources/libJP2.dylib
0x00000000038cf000 	/System/Library/Frameworks/ImageIO.framework/Versions/A/Resources/libRadiance.dylib
0x00000000038cf000 	/System/Library/Frameworks/CoreVideo.framework/Versions/A/CoreVideo
0x00000000038cf000 	/System/Library/Frameworks/OpenGL.framework/Versions/A/Libraries/libGLU.dylib
0x00000000038cf000 	/System/Library/Frameworks/OpenGL.framework/Versions/A/Libraries/libGFXShared.dylib
0x00000000038cf000 	/System/Library/Frameworks/OpenGL.framework/Versions/A/Libraries/libGL.dylib
0x00000000038cf000 	/System/Library/Frameworks/OpenGL.framework/Versions/A/Libraries/libGLImage.dylib
0x00000000038cf000 	/System/Library/Frameworks/OpenGL.framework/Versions/A/Libraries/libCVMSPluginSupport.dylib
0x00000000038cf000 	/System/Library/Frameworks/OpenGL.framework/Versions/A/Libraries/libCoreVMClient.dylib
0x00000000038cf000 	/usr/lib/libcups.2.dylib
0x00000000038cf000 	/System/Library/Frameworks/Kerberos.framework/Versions/A/Kerberos
0x00000000038cf000 	/System/Library/Frameworks/GSS.framework/Versions/A/GSS
0x00000000038cf000 	/usr/lib/libresolv.9.dylib
0x00000000038cf000 	/System/Library/PrivateFrameworks/Heimdal.framework/Versions/A/Heimdal
0x00000000038cf000 	/usr/lib/libheimdal-asn1.dylib
0x00000000038cf000 	/System/Library/Frameworks/OpenDirectory.framework/Versions/A/OpenDirectory
0x00000000038cf000 	/System/Library/PrivateFrameworks/CommonAuth.framework/Versions/A/CommonAuth
0x00000000038cf000 	/System/Library/Frameworks/SecurityFoundation.framework/Versions/A/SecurityFoundation
0x00000000038cf000 	/System/Library/Frameworks/QuartzCore.framework/Versions/A/Frameworks/CoreImage.framework/Versions/A/CoreImage
0x00000000038cf000 	/System/Library/PrivateFrameworks/CrashReporterSupport.framework/Versions/A/CrashReporterSupport
0x00000000038cf000 	/System/Library/Frameworks/OpenCL.framework/Versions/A/OpenCL
0x00000000038cf000 	/System/Library/PrivateFrameworks/FaceCore.framework/Versions/A/FaceCore
0x00000000038cf000 	/System/Library/PrivateFrameworks/Ubiquity.framework/Versions/A/Ubiquity
0x00000000038cf000 	/System/Library/PrivateFrameworks/IconServices.framework/Versions/A/IconServices
0x00000000038cf000 	/System/Library/PrivateFrameworks/ChunkingLibrary.framework/Versions/A/ChunkingLibrary
0x00000000038cf000 	/System/Library/PrivateFrameworks/Apple80211.framework/Versions/A/Apple80211
0x00000000038cf000 	/System/Library/Frameworks/CoreWLAN.framework/Versions/A/CoreWLAN
0x00000000038cf000 	/System/Library/Frameworks/IOBluetooth.framework/Versions/A/IOBluetooth
0x00000000038cf000 	/System/Library/PrivateFrameworks/CoreWiFi.framework/Versions/A/CoreWiFi
0x00000000038cf000 	/System/Library/Frameworks/CoreBluetooth.framework/Versions/A/CoreBluetooth
0x00000000038cf000 	/System/Library/PrivateFrameworks/DebugSymbols.framework/Versions/A/DebugSymbols
0x00000000038cf000 	/System/Library/PrivateFrameworks/CoreSymbolication.framework/Versions/A/CoreSymbolication
0x00000000038cf000 	/System/Library/PrivateFrameworks/Symbolication.framework/Versions/A/Symbolication
0x00000000038cf000 	/System/Library/PrivateFrameworks/SpeechRecognitionCore.framework/Versions/A/SpeechRecognitionCore
0x0000000101c00000 	/Library/Java/JavaVirtualMachines/jdk1.8.0_25.jdk/Contents/Home/jre/lib/server/libjvm.dylib
0x00000000038cf000 	/usr/lib/libstdc++.6.dylib
0x0000000100b49000 	/Library/Java/JavaVirtualMachines/jdk1.8.0_25.jdk/Contents/Home/jre/lib/libverify.dylib
0x0000000100b57000 	/Library/Java/JavaVirtualMachines/jdk1.8.0_25.jdk/Contents/Home/jre/lib/libjava.dylib
0x0000000100b95000 	/Library/Java/JavaVirtualMachines/jdk1.8.0_25.jdk/Contents/Home/jre/lib/libzip.dylib
0x000000011775a000 	/System/Library/Frameworks/JavaVM.framework/Frameworks/JavaRuntimeSupport.framework/JavaRuntimeSupport
0x0000000117772000 	/System/Library/Frameworks/JavaVM.framework/Versions/A/Frameworks/JavaNativeFoundation.framework/Versions/A/JavaNativeFoundation
0x0000000117787000 	/System/Library/Frameworks/JavaVM.framework/Versions/A/JavaVM
0x00000000038cf000 	/System/Library/Frameworks/Carbon.framework/Versions/A/Carbon
0x0000000117794000 	/System/Library/PrivateFrameworks/JavaLaunching.framework/Versions/A/JavaLaunching
0x00000000038cf000 	/System/Library/Frameworks/Carbon.framework/Versions/A/Frameworks/CommonPanels.framework/Versions/A/CommonPanels
0x00000000038cf000 	/System/Library/Frameworks/Carbon.framework/Versions/A/Frameworks/Help.framework/Versions/A/Help
0x00000000038cf000 	/System/Library/Frameworks/Carbon.framework/Versions/A/Frameworks/ImageCapture.framework/Versions/A/ImageCapture
0x00000000038cf000 	/System/Library/Frameworks/Carbon.framework/Versions/A/Frameworks/OpenScripting.framework/Versions/A/OpenScripting
0x00000000038cf000 	/System/Library/Frameworks/Carbon.framework/Versions/A/Frameworks/Print.framework/Versions/A/Print
0x00000000038cf000 	/System/Library/Frameworks/Carbon.framework/Versions/A/Frameworks/SecurityHI.framework/Versions/A/SecurityHI
0x000000011987c000 	/Library/Java/JavaVirtualMachines/jdk1.8.0_25.jdk/Contents/Home/jre/lib/libprism_es2.dylib
0x00000000038cf000 	/System/Library/Frameworks/OpenGL.framework/Versions/A/Resources/GLEngine.bundle/GLEngine
0x00000000038cf000 	/System/Library/Frameworks/OpenGL.framework/Versions/A/Libraries/libGLProgrammability.dylib
0x0000000000000000 	/System/Library/Extensions/ATIRadeonX2000GLDriver.bundle/Contents/MacOS/ATIRadeonX2000GLDriver
0x00000001198f9000 	/System/Library/PrivateFrameworks/GPUSupport.framework/Versions/A/Libraries/libGPUSupport.dylib
0x00000000038cf000 	/System/Library/Frameworks/OpenGL.framework/Versions/A/Resources/GLRendererFloat.bundle/GLRendererFloat
0x00000000038cf000 	/System/Library/Frameworks/OpenCL.framework/Versions/A/Libraries/libcldcpuengine.dylib
0x00000000038cf000 	/System/Library/PrivateFrameworks/DiskImages.framework/Versions/A/DiskImages
0x00000000038cf000 	/System/Library/Frameworks/DiscRecording.framework/Versions/A/DiscRecording
0x00000000038cf000 	/usr/lib/libcsfde.dylib
0x00000000038cf000 	/usr/lib/libcurl.4.dylib
0x00000000038cf000 	/System/Library/PrivateFrameworks/MediaKit.framework/Versions/A/MediaKit
0x00000000038cf000 	/System/Library/PrivateFrameworks/ProtectedCloudStorage.framework/Versions/A/ProtectedCloudStorage
0x00000000038cf000 	/usr/lib/libCoreStorage.dylib
0x00000000038cf000 	/System/Library/PrivateFrameworks/EFILogin.framework/Versions/A/EFILogin
0x00000000038cf000 	/usr/lib/libutil.dylib
0x00000000038cf000 	/System/Library/PrivateFrameworks/FindMyDevice.framework/Versions/A/FindMyDevice
0x00000000038cf000 	/System/Library/Frameworks/LDAP.framework/Versions/A/LDAP
0x00000000038cf000 	/usr/lib/libsasl2.2.dylib
0x00000000038cf000 	/System/Library/PrivateFrameworks/CoreDaemon.framework/Versions/B/CoreDaemon
0x00000000038cf000 	/usr/lib/libcrypto.0.9.8.dylib
0x00000000038cf000 	/System/Library/PrivateFrameworks/AppleSRP.framework/Versions/A/AppleSRP
0x00000000038cf000 	/System/Library/PrivateFrameworks/TrustEvaluationAgent.framework/Versions/A/TrustEvaluationAgent
0x0000000119938000 	/Library/Java/JavaVirtualMachines/jdk1.8.0_25.jdk/Contents/Home/jre/lib/libglass.dylib
0x00000000038cf000 	/System/Library/PrivateFrameworks/CoreServicesInternal.framework/Versions/A/CoreServicesInternal
0x00000000038cf000 	/System/Library/PrivateFrameworks/CloudDocs.framework/Versions/A/CloudDocs
0x00000000038cf000 	/System/Library/PrivateFrameworks/CoreDuet.framework/Versions/A/CoreDuet
0x00000000038cf000 	/System/Library/Frameworks/CloudKit.framework/Versions/A/CloudKit
0x00000000038cf000 	/System/Library/PrivateFrameworks/ProtocolBuffer.framework/Versions/A/ProtocolBuffer
0x00000000038cf000 	/System/Library/PrivateFrameworks/CoreDuetDaemonProtocol.framework/Versions/A/CoreDuetDaemonProtocol
0x00000000038cf000 	/System/Library/PrivateFrameworks/CoreDuetDebugLogging.framework/Versions/A/CoreDuetDebugLogging
0x00000000038cf000 	/System/Library/Frameworks/CoreLocation.framework/Versions/A/CoreLocation
0x00000000038cf000 	/System/Library/Frameworks/Accounts.framework/Versions/A/Accounts
0x00000000038cf000 	/System/Library/PrivateFrameworks/ApplePushService.framework/Versions/A/ApplePushService
0x00000000038cf000 	/System/Library/PrivateFrameworks/GeoServices.framework/Versions/A/GeoServices
0x00000000038cf000 	/System/Library/PrivateFrameworks/OAuth.framework/Versions/A/OAuth
0x00000000038cf000 	/System/Library/Frameworks/CoreGraphics.framework/Versions/A/Resources/libCGCMS.A.dylib
0x00000000038cf000 	/System/Library/CoreServices/RawCamera.bundle/Contents/MacOS/RawCamera
0x00000000038cf000 	/System/Library/Frameworks/CoreGraphics.framework/Versions/A/Resources/libRIP.A.dylib
0x00000000038cf000 	/System/Library/PrivateFrameworks/FamilyControls.framework/Versions/A/FamilyControls
0x00000000038cf000 	/System/Library/PrivateFrameworks/CommerceKit.framework/Versions/A/Frameworks/CommerceCore.framework/Versions/A/CommerceCore
0x00000000038cf000 	/System/Library/PrivateFrameworks/SystemAdministration.framework/Versions/A/SystemAdministration
0x00000000038cf000 	/System/Library/PrivateFrameworks/AppContainer.framework/Versions/A/AppContainer
0x00000000038cf000 	/System/Library/PrivateFrameworks/SecCodeWrapper.framework/Versions/A/SecCodeWrapper
0x00000000038cf000 	/System/Library/Frameworks/DirectoryService.framework/Versions/A/DirectoryService
0x00000000038cf000 	/System/Library/PrivateFrameworks/LoginUIKit.framework/Versions/A/Frameworks/LoginUICore.framework/Versions/A/LoginUICore
0x00000000038cf000 	/usr/lib/libodfde.dylib
0x000000011c7b3000 	/Library/Java/JavaVirtualMachines/jdk1.8.0_25.jdk/Contents/Home/jre/lib/libjavafx_font.dylib
0x00000000038cf000 	/System/Library/Frameworks/CoreGraphics.framework/Versions/A/Resources/libCGXType.A.dylib
0x000000011e450000 	cl_kernels
0x000000011e755000 	/System/Library/Frameworks/OpenCL.framework/Versions/A/Libraries/ImageFormats/unorm8_bgra.dylib
0x000000011e48e000 	cl_kernels
0x000000011db4a000 	/Library/Java/JavaVirtualMachines/jdk1.8.0_25.jdk/Contents/Home/jre/lib/libprism_common.dylib
0x0000000117825000 	/Library/Java/JavaVirtualMachines/jdk1.8.0_25.jdk/Contents/Home/jre/lib/libawt.dylib
0x0000000119779000 	/Library/Java/JavaVirtualMachines/jdk1.8.0_25.jdk/Contents/Home/jre/lib/./libmlib_image.dylib
0x000000011c4b0000 	/Library/Java/JavaVirtualMachines/jdk1.8.0_25.jdk/Contents/Home/jre/lib/libawt_lwawt.dylib
0x00000001178d4000 	/Library/Java/JavaVirtualMachines/jdk1.8.0_25.jdk/Contents/Home/jre/lib/./libosxapp.dylib
0x00000000038cf000 	/System/Library/Frameworks/ExceptionHandling.framework/Versions/A/ExceptionHandling

VM Arguments:
jvm_args: -Dfile.encoding=UTF-8 
java_command: application.Main
java_class_path (initial): /Users/aquig/Documents/workspaces/ws-java/MouseClicker/bin:/Applications/eclipse/plugins/org.eclipse.fx.ide.css.jfx8_1.0.0.201408150702.jar
Launcher Type: SUN_STANDARD

Environment Variables:
PATH=/usr/bin:/bin:/usr/sbin:/sbin
SHELL=/bin/bash

Signal Handlers:
SIGSEGV: [libjvm.dylib+0x579dc7], sa_mask[0]=11111111011111110111111111111111, sa_flags=SA_ONSTACK|SA_RESTART|SA_SIGINFO
SIGBUS: [libjvm.dylib+0x579dc7], sa_mask[0]=11111111011111110111111111111111, sa_flags=SA_RESTART|SA_SIGINFO
SIGFPE: [libjvm.dylib+0x45b030], sa_mask[0]=11111111011111110111111111111111, sa_flags=SA_RESTART|SA_SIGINFO
SIGPIPE: [libjvm.dylib+0x45b030], sa_mask[0]=11111111011111110111111111111111, sa_flags=SA_RESTART|SA_SIGINFO
SIGXFSZ: [libjvm.dylib+0x45b030], sa_mask[0]=11111111011111110111111111111111, sa_flags=SA_RESTART|SA_SIGINFO
SIGILL: [libjvm.dylib+0x45b030], sa_mask[0]=11111111011111110111111111111111, sa_flags=SA_RESTART|SA_SIGINFO
SIGUSR1: SIG_DFL, sa_mask[0]=00000000000000000000000000000000, sa_flags=none
SIGUSR2: [libjvm.dylib+0x45ab4e], sa_mask[0]=00100000000000000000000000000000, sa_flags=SA_RESTART|SA_SIGINFO
SIGHUP: [libjvm.dylib+0x459121], sa_mask[0]=11111111011111110111111111111111, sa_flags=SA_RESTART|SA_SIGINFO
SIGINT: [libjvm.dylib+0x459121], sa_mask[0]=11111111011111110111111111111111, sa_flags=SA_RESTART|SA_SIGINFO
SIGTERM: [libjvm.dylib+0x459121], sa_mask[0]=11111111011111110111111111111111, sa_flags=SA_RESTART|SA_SIGINFO
SIGQUIT: [libjvm.dylib+0x459121], sa_mask[0]=11111111011111110111111111111111, sa_flags=SA_RESTART|SA_SIGINFO


---------------  S Y S T E M  ---------------

OS:Bsduname:Darwin 14.0.0 Darwin Kernel Version 14.0.0: Fri Sep 19 00:26:44 PDT 2014; root:xnu-2782.1.97~2/RELEASE_X86_64 x86_64
rlimit: STACK 8192k, CORE 0k, NPROC 709, NOFILE 10240, AS infinity
load average:1.91 1.99 1.92

CPU:total 8 (4 cores per cpu, 2 threads per core) family 6 model 30 stepping 5, cmov, cx8, fxsr, mmx, sse, sse2, sse3, ssse3, sse4.1, sse4.2, popcnt, ht, tsc, tscinvbit

Memory: 4k page, physical 4194304k(148632k free)

/proc/meminfo:


vm_info: Java HotSpot(TM) 64-Bit Server VM (25.25-b02) for bsd-amd64 JRE (1.8.0_25-b17), built on Sep 17 2014 16:56:50 by "java_re" with gcc 4.2.1 (Based on Apple Inc. build 5658) (LLVM build 2336.11.00)

time: Fri Dec 12 03:21:51 2014
elapsed time: 12 seconds (0d 0h 0m 12s)

